<?xml version="1.0" encoding="UTF-8"?>
<!-- Generated by org.testng.reporters.JUnitReportReporter -->
<testsuite hostname="ManjuBala" name="ProductBuy.HomePage" tests="1" failures="1" timestamp="23 Apr 2019 11:16:32 GMT" time="59.206" errors="0">
  <testcase name="verifySearch" time="59.206" classname="ProductBuy.HomePage">
    <failure type="org.openqa.selenium.WebDriverException" message="Failed to connect to binary FirefoxBinary(C:\Program Files\Mozilla Firefox\firefox.exe) on port 7055; process output follows: 
c6-7e08-4474-a285-3208198ce6fd} in app-global
1556018147958	addons.xpi	DEBUG	getInstallState changed: false, state: {}
1556018148496	addons.xpi-utils	DEBUG	Async JSON file read took 0 MS
1556018148496	addons.xpi-utils	DEBUG	Finished async read of XPI database, parsing...
1556018148507	addons.xpi-utils	DEBUG	Successfully read XPI database
1556018148685	DeferredSave.webext.sc.lz4	DEBUG	Save changes
1556018148685	DeferredSave.webext.sc.lz4	DEBUG	Starting timer
1556018148989	DeferredSave.webext.sc.lz4	DEBUG	Save changes
1556018149075	DeferredSave.webext.sc.lz4	DEBUG	Save changes
1556018149076	DeferredSave.webext.sc.lz4	DEBUG	Save changes
1556018149077	DeferredSave.webext.sc.lz4	DEBUG	Save changes
1556018149078	DeferredSave.webext.sc.lz4	DEBUG	Save changes
1556018149082	DeferredSave.webext.sc.lz4	DEBUG	Save changes
1556018149087	DeferredSave.webext.sc.lz4	DEBUG	Save changes
1556018149090	DeferredSave.webext.sc.lz4	DEBUG	Save changes
1556018149091	DeferredSave.webext.sc.lz4	DEBUG	Save changes
1556018149093	DeferredSave.webext.sc.lz4	DEBUG	Save changes
1556018149094	DeferredSave.webext.sc.lz4	DEBUG	Save changes
1556018149096	DeferredSave.webext.sc.lz4	DEBUG	Save changes
1556018149097	DeferredSave.webext.sc.lz4	DEBUG	Save changes
1556018149099	DeferredSave.webext.sc.lz4	DEBUG	Save changes
1556018149105	DeferredSave.webext.sc.lz4	DEBUG	Save changes
1556018149107	DeferredSave.webext.sc.lz4	DEBUG	Save changes
1556018149109	DeferredSave.webext.sc.lz4	DEBUG	Save changes
1556018149111	DeferredSave.webext.sc.lz4	DEBUG	Save changes
1556018149113	DeferredSave.webext.sc.lz4	DEBUG	Save changes
1556018149115	DeferredSave.webext.sc.lz4	DEBUG	Save changes
1556018149116	DeferredSave.webext.sc.lz4	DEBUG	Save changes
1556018149118	DeferredSave.webext.sc.lz4	DEBUG	Save changes
1556018149119	DeferredSave.webext.sc.lz4	DEBUG	Save changes
1556018149126	DeferredSave.webext.sc.lz4	DEBUG	Save changes
1556018149126	DeferredSave.webext.sc.lz4	DEBUG	Save changes
1556018149129	DeferredSave.webext.sc.lz4	DEBUG	Save changes
1556018149130	DeferredSave.webext.sc.lz4	DEBUG	Save changes
1556018149131	DeferredSave.webext.sc.lz4	DEBUG	Save changes
1556018149131	DeferredSave.webext.sc.lz4	DEBUG	Save changes
1556018149132	DeferredSave.webext.sc.lz4	DEBUG	Save changes
1556018149133	DeferredSave.webext.sc.lz4	DEBUG	Save changes
1556018149135	DeferredSave.webext.sc.lz4	DEBUG	Save changes
1556018149139	DeferredSave.webext.sc.lz4	DEBUG	Save changes
1556018149140	DeferredSave.webext.sc.lz4	DEBUG	Save changes
1556018149142	DeferredSave.webext.sc.lz4	DEBUG	Save changes
1556018149143	DeferredSave.webext.sc.lz4	DEBUG	Save changes
1556018149145	DeferredSave.webext.sc.lz4	DEBUG	Save changes
1556018149147	DeferredSave.webext.sc.lz4	DEBUG	Save changes
1556018149148	DeferredSave.webext.sc.lz4	DEBUG	Save changes
1556018149149	DeferredSave.webext.sc.lz4	DEBUG	Save changes
1556018149150	DeferredSave.webext.sc.lz4	DEBUG	Save changes
1556018149150	DeferredSave.webext.sc.lz4	DEBUG	Save changes
1556018149154	DeferredSave.webext.sc.lz4	DEBUG	Save changes
1556018149156	DeferredSave.webext.sc.lz4	DEBUG	Save changes
1556018149157	DeferredSave.webext.sc.lz4	DEBUG	Save changes
1556018149160	DeferredSave.webext.sc.lz4	DEBUG	Save changes
1556018149161	DeferredSave.webext.sc.lz4	DEBUG	Save changes
1556018149164	DeferredSave.webext.sc.lz4	DEBUG	Save changes
1556018149168	DeferredSave.webext.sc.lz4	DEBUG	Save changes
1556018149169	DeferredSave.webext.sc.lz4	DEBUG	Save changes
1556018149174	DeferredSave.webext.sc.lz4	DEBUG	Save changes
1556018149205	DeferredSave.webext.sc.lz4	DEBUG	Save changes
1556018149337	DeferredSave.webext.sc.lz4	DEBUG	Save changes
1556018149338	DeferredSave.webext.sc.lz4	DEBUG	Save changes
Unable to read VR Path Registry from C:\Users\manju.bala\AppData\Local\openvr\openvrpaths.vrpath
JavaScript error: about:newtab, line 914: TypeError: gSnippetsMap.getTotalBookmarksCount is not a function
1556018153715	DeferredSave.webext.sc.lz4	DEBUG	Starting write
1556018153799	DeferredSave.webext.sc.lz4	DEBUG	Write succeeded

Build info: version: &#039;2.44.0&#039;, revision: &#039;76d78cf323ce037c5f92db6c1bba601c2ac43ad8&#039;, time: &#039;2014-10-23 13:11:40&#039;
System info: host: &#039;ManjuBala&#039;, ip: &#039;10.50.6.165&#039;, os.name: &#039;Windows 7&#039;, os.arch: &#039;amd64&#039;, os.version: &#039;6.1&#039;, java.version: &#039;1.8.0_66&#039;
Driver info: driver.version: FirefoxDriver">
      <![CDATA[org.openqa.selenium.WebDriverException: Failed to connect to binary FirefoxBinary(C:\Program Files\Mozilla Firefox\firefox.exe) on port 7055; process output follows: 
c6-7e08-4474-a285-3208198ce6fd} in app-global
1556018147958	addons.xpi	DEBUG	getInstallState changed: false, state: {}
1556018148496	addons.xpi-utils	DEBUG	Async JSON file read took 0 MS
1556018148496	addons.xpi-utils	DEBUG	Finished async read of XPI database, parsing...
1556018148507	addons.xpi-utils	DEBUG	Successfully read XPI database
1556018148685	DeferredSave.webext.sc.lz4	DEBUG	Save changes
1556018148685	DeferredSave.webext.sc.lz4	DEBUG	Starting timer
1556018148989	DeferredSave.webext.sc.lz4	DEBUG	Save changes
1556018149075	DeferredSave.webext.sc.lz4	DEBUG	Save changes
1556018149076	DeferredSave.webext.sc.lz4	DEBUG	Save changes
1556018149077	DeferredSave.webext.sc.lz4	DEBUG	Save changes
1556018149078	DeferredSave.webext.sc.lz4	DEBUG	Save changes
1556018149082	DeferredSave.webext.sc.lz4	DEBUG	Save changes
1556018149087	DeferredSave.webext.sc.lz4	DEBUG	Save changes
1556018149090	DeferredSave.webext.sc.lz4	DEBUG	Save changes
1556018149091	DeferredSave.webext.sc.lz4	DEBUG	Save changes
1556018149093	DeferredSave.webext.sc.lz4	DEBUG	Save changes
1556018149094	DeferredSave.webext.sc.lz4	DEBUG	Save changes
1556018149096	DeferredSave.webext.sc.lz4	DEBUG	Save changes
1556018149097	DeferredSave.webext.sc.lz4	DEBUG	Save changes
1556018149099	DeferredSave.webext.sc.lz4	DEBUG	Save changes
1556018149105	DeferredSave.webext.sc.lz4	DEBUG	Save changes
1556018149107	DeferredSave.webext.sc.lz4	DEBUG	Save changes
1556018149109	DeferredSave.webext.sc.lz4	DEBUG	Save changes
1556018149111	DeferredSave.webext.sc.lz4	DEBUG	Save changes
1556018149113	DeferredSave.webext.sc.lz4	DEBUG	Save changes
1556018149115	DeferredSave.webext.sc.lz4	DEBUG	Save changes
1556018149116	DeferredSave.webext.sc.lz4	DEBUG	Save changes
1556018149118	DeferredSave.webext.sc.lz4	DEBUG	Save changes
1556018149119	DeferredSave.webext.sc.lz4	DEBUG	Save changes
1556018149126	DeferredSave.webext.sc.lz4	DEBUG	Save changes
1556018149126	DeferredSave.webext.sc.lz4	DEBUG	Save changes
1556018149129	DeferredSave.webext.sc.lz4	DEBUG	Save changes
1556018149130	DeferredSave.webext.sc.lz4	DEBUG	Save changes
1556018149131	DeferredSave.webext.sc.lz4	DEBUG	Save changes
1556018149131	DeferredSave.webext.sc.lz4	DEBUG	Save changes
1556018149132	DeferredSave.webext.sc.lz4	DEBUG	Save changes
1556018149133	DeferredSave.webext.sc.lz4	DEBUG	Save changes
1556018149135	DeferredSave.webext.sc.lz4	DEBUG	Save changes
1556018149139	DeferredSave.webext.sc.lz4	DEBUG	Save changes
1556018149140	DeferredSave.webext.sc.lz4	DEBUG	Save changes
1556018149142	DeferredSave.webext.sc.lz4	DEBUG	Save changes
1556018149143	DeferredSave.webext.sc.lz4	DEBUG	Save changes
1556018149145	DeferredSave.webext.sc.lz4	DEBUG	Save changes
1556018149147	DeferredSave.webext.sc.lz4	DEBUG	Save changes
1556018149148	DeferredSave.webext.sc.lz4	DEBUG	Save changes
1556018149149	DeferredSave.webext.sc.lz4	DEBUG	Save changes
1556018149150	DeferredSave.webext.sc.lz4	DEBUG	Save changes
1556018149150	DeferredSave.webext.sc.lz4	DEBUG	Save changes
1556018149154	DeferredSave.webext.sc.lz4	DEBUG	Save changes
1556018149156	DeferredSave.webext.sc.lz4	DEBUG	Save changes
1556018149157	DeferredSave.webext.sc.lz4	DEBUG	Save changes
1556018149160	DeferredSave.webext.sc.lz4	DEBUG	Save changes
1556018149161	DeferredSave.webext.sc.lz4	DEBUG	Save changes
1556018149164	DeferredSave.webext.sc.lz4	DEBUG	Save changes
1556018149168	DeferredSave.webext.sc.lz4	DEBUG	Save changes
1556018149169	DeferredSave.webext.sc.lz4	DEBUG	Save changes
1556018149174	DeferredSave.webext.sc.lz4	DEBUG	Save changes
1556018149205	DeferredSave.webext.sc.lz4	DEBUG	Save changes
1556018149337	DeferredSave.webext.sc.lz4	DEBUG	Save changes
1556018149338	DeferredSave.webext.sc.lz4	DEBUG	Save changes
Unable to read VR Path Registry from C:\Users\manju.bala\AppData\Local\openvr\openvrpaths.vrpath
JavaScript error: about:newtab, line 914: TypeError: gSnippetsMap.getTotalBookmarksCount is not a function
1556018153715	DeferredSave.webext.sc.lz4	DEBUG	Starting write
1556018153799	DeferredSave.webext.sc.lz4	DEBUG	Write succeeded

Build info: version: '2.44.0', revision: '76d78cf323ce037c5f92db6c1bba601c2ac43ad8', time: '2014-10-23 13:11:40'
System info: host: 'ManjuBala', ip: '10.50.6.165', os.name: 'Windows 7', os.arch: 'amd64', os.version: '6.1', java.version: '1.8.0_66'
Driver info: driver.version: FirefoxDriver
	at org.openqa.selenium.firefox.internal.NewProfileExtensionConnection.start(NewProfileExtensionConnection.java:130)
	at org.openqa.selenium.firefox.FirefoxDriver.startClient(FirefoxDriver.java:246)
	at org.openqa.selenium.remote.RemoteWebDriver.<init>(RemoteWebDriver.java:114)
	at org.openqa.selenium.firefox.FirefoxDriver.<init>(FirefoxDriver.java:191)
	at org.openqa.selenium.firefox.FirefoxDriver.<init>(FirefoxDriver.java:186)
	at org.openqa.selenium.firefox.FirefoxDriver.<init>(FirefoxDriver.java:182)
	at org.openqa.selenium.firefox.FirefoxDriver.<init>(FirefoxDriver.java:95)
	at ProductBuy.HomePage.verifySearch(HomePage.java:19)
	at sun.reflect.NativeMethodAccessorImpl.invoke0(Native Method)
	at sun.reflect.NativeMethodAccessorImpl.invoke(Unknown Source)
	at sun.reflect.DelegatingMethodAccessorImpl.invoke(Unknown Source)
	at java.lang.reflect.Method.invoke(Unknown Source)
	at org.testng.internal.MethodInvocationHelper.invokeMethod(MethodInvocationHelper.java:84)
	at org.testng.internal.Invoker.invokeMethod(Invoker.java:714)
	at org.testng.internal.Invoker.invokeTestMethod(Invoker.java:901)
	at org.testng.internal.Invoker.invokeTestMethods(Invoker.java:1231)
	at org.testng.internal.TestMethodWorker.invokeTestMethods(TestMethodWorker.java:127)
	at org.testng.internal.TestMethodWorker.run(TestMethodWorker.java:111)
	at org.testng.TestRunner.privateRun(TestRunner.java:767)
	at org.testng.TestRunner.run(TestRunner.java:617)
	at org.testng.SuiteRunner.runTest(SuiteRunner.java:348)
	at org.testng.SuiteRunner.runSequentially(SuiteRunner.java:343)
	at org.testng.SuiteRunner.privateRun(SuiteRunner.java:305)
	at org.testng.SuiteRunner.run(SuiteRunner.java:254)
	at org.testng.SuiteRunnerWorker.runSuite(SuiteRunnerWorker.java:52)
	at org.testng.SuiteRunnerWorker.run(SuiteRunnerWorker.java:86)
	at org.testng.TestNG.runSuitesSequentially(TestNG.java:1224)
	at org.testng.TestNG.runSuitesLocally(TestNG.java:1149)
	at org.testng.TestNG.run(TestNG.java:1057)
	at org.testng.remote.AbstractRemoteTestNG.run(AbstractRemoteTestNG.java:114)
	at org.testng.remote.RemoteTestNG.initAndRun(RemoteTestNG.java:251)
	at org.testng.remote.RemoteTestNG.main(RemoteTestNG.java:77)
Caused by: org.openqa.selenium.firefox.NotConnectedException: Unable to connect to host 127.0.0.1 on port 7055 after 45000 ms. Firefox console output:
c6-7e08-4474-a285-3208198ce6fd} in app-global
1556018147958	addons.xpi	DEBUG	getInstallState changed: false, state: {}
1556018148496	addons.xpi-utils	DEBUG	Async JSON file read took 0 MS
1556018148496	addons.xpi-utils	DEBUG	Finished async read of XPI database, parsing...
1556018148507	addons.xpi-utils	DEBUG	Successfully read XPI database
1556018148685	DeferredSave.webext.sc.lz4	DEBUG	Save changes
1556018148685	DeferredSave.webext.sc.lz4	DEBUG	Starting timer
1556018148989	DeferredSave.webext.sc.lz4	DEBUG	Save changes
1556018149075	DeferredSave.webext.sc.lz4	DEBUG	Save changes
1556018149076	DeferredSave.webext.sc.lz4	DEBUG	Save changes
1556018149077	DeferredSave.webext.sc.lz4	DEBUG	Save changes
1556018149078	DeferredSave.webext.sc.lz4	DEBUG	Save changes
1556018149082	DeferredSave.webext.sc.lz4	DEBUG	Save changes
1556018149087	DeferredSave.webext.sc.lz4	DEBUG	Save changes
1556018149090	DeferredSave.webext.sc.lz4	DEBUG	Save changes
1556018149091	DeferredSave.webext.sc.lz4	DEBUG	Save changes
1556018149093	DeferredSave.webext.sc.lz4	DEBUG	Save changes
1556018149094	DeferredSave.webext.sc.lz4	DEBUG	Save changes
1556018149096	DeferredSave.webext.sc.lz4	DEBUG	Save changes
1556018149097	DeferredSave.webext.sc.lz4	DEBUG	Save changes
1556018149099	DeferredSave.webext.sc.lz4	DEBUG	Save changes
1556018149105	DeferredSave.webext.sc.lz4	DEBUG	Save changes
1556018149107	DeferredSave.webext.sc.lz4	DEBUG	Save changes
1556018149109	DeferredSave.webext.sc.lz4	DEBUG	Save changes
1556018149111	DeferredSave.webext.sc.lz4	DEBUG	Save changes
1556018149113	DeferredSave.webext.sc.lz4	DEBUG	Save changes
1556018149115	DeferredSave.webext.sc.lz4	DEBUG	Save changes
1556018149116	DeferredSave.webext.sc.lz4	DEBUG	Save changes
1556018149118	DeferredSave.webext.sc.lz4	DEBUG	Save changes
1556018149119	DeferredSave.webext.sc.lz4	DEBUG	Save changes
1556018149126	DeferredSave.webext.sc.lz4	DEBUG	Save changes
1556018149126	DeferredSave.webext.sc.lz4	DEBUG	Save changes
1556018149129	DeferredSave.webext.sc.lz4	DEBUG	Save changes
1556018149130	DeferredSave.webext.sc.lz4	DEBUG	Save changes
1556018149131	DeferredSave.webext.sc.lz4	DEBUG	Save changes
1556018149131	DeferredSave.webext.sc.lz4	DEBUG	Save changes
1556018149132	DeferredSave.webext.sc.lz4	DEBUG	Save changes
1556018149133	DeferredSave.webext.sc.lz4	DEBUG	Save changes
1556018149135	DeferredSave.webext.sc.lz4	DEBUG	Save changes
1556018149139	DeferredSave.webext.sc.lz4	DEBUG	Save changes
1556018149140	DeferredSave.webext.sc.lz4	DEBUG	Save changes
1556018149142	DeferredSave.webext.sc.lz4	DEBUG	Save changes
1556018149143	DeferredSave.webext.sc.lz4	DEBUG	Save changes
1556018149145	DeferredSave.webext.sc.lz4	DEBUG	Save changes
1556018149147	DeferredSave.webext.sc.lz4	DEBUG	Save changes
1556018149148	DeferredSave.webext.sc.lz4	DEBUG	Save changes
1556018149149	DeferredSave.webext.sc.lz4	DEBUG	Save changes
1556018149150	DeferredSave.webext.sc.lz4	DEBUG	Save changes
1556018149150	DeferredSave.webext.sc.lz4	DEBUG	Save changes
1556018149154	DeferredSave.webext.sc.lz4	DEBUG	Save changes
1556018149156	DeferredSave.webext.sc.lz4	DEBUG	Save changes
1556018149157	DeferredSave.webext.sc.lz4	DEBUG	Save changes
1556018149160	DeferredSave.webext.sc.lz4	DEBUG	Save changes
1556018149161	DeferredSave.webext.sc.lz4	DEBUG	Save changes
1556018149164	DeferredSave.webext.sc.lz4	DEBUG	Save changes
1556018149168	DeferredSave.webext.sc.lz4	DEBUG	Save changes
1556018149169	DeferredSave.webext.sc.lz4	DEBUG	Save changes
1556018149174	DeferredSave.webext.sc.lz4	DEBUG	Save changes
1556018149205	DeferredSave.webext.sc.lz4	DEBUG	Save changes
1556018149337	DeferredSave.webext.sc.lz4	DEBUG	Save changes
1556018149338	DeferredSave.webext.sc.lz4	DEBUG	Save changes
Unable to read VR Path Registry from C:\Users\manju.bala\AppData\Local\openvr\openvrpaths.vrpath
JavaScript error: about:newtab, line 914: TypeError: gSnippetsMap.getTotalBookmarksCount is not a function
1556018153715	DeferredSave.webext.sc.lz4	DEBUG	Starting write
1556018153799	DeferredSave.webext.sc.lz4	DEBUG	Write succeeded

	at org.openqa.selenium.firefox.internal.NewProfileExtensionConnection.start(NewProfileExtensionConnection.java:118)
	... 31 more
]]>
    </failure>
  </testcase> <!-- verifySearch -->
</testsuite> <!-- ProductBuy.HomePage -->
